<?xml version="1.0" encoding="UTF-8"?>
<!--
  ~ The MIT License
  ~
  ~ Original work sponsored and donated by National Board of e-Health (NSI), Denmark (http://www.nsi.dk)
  ~
  ~ Copyright (C) 2011 National Board of e-Health (NSI), Denmark (http://www.nsi.dk)
  ~
  ~ Permission is hereby granted, free of charge, to any person obtaining a copy of
  ~ this software and associated documentation files (the "Software"), to deal in
  ~ the Software without restriction, including without limitation the rights to
  ~ use, copy, modify, merge, publish, distribute, sublicense, and/or sell copies
  ~ of the Software, and to permit persons to whom the Software is furnished to do
  ~ so, subject to the following conditions:
  ~
  ~ The above copyright notice and this permission notice shall be included in all
  ~ copies or substantial portions of the Software.
  ~
  ~ THE SOFTWARE IS PROVIDED "AS IS", WITHOUT WARRANTY OF ANY KIND, EXPRESS OR
  ~ IMPLIED, INCLUDING BUT NOT LIMITED TO THE WARRANTIES OF MERCHANTABILITY,
  ~ FITNESS FOR A PARTICULAR PURPOSE AND NONINFRINGEMENT. IN NO EVENT SHALL THE
  ~ AUTHORS OR COPYRIGHT HOLDERS BE LIABLE FOR ANY CLAIM, DAMAGES OR OTHER
  ~ LIABILITY, WHETHER IN AN ACTION OF CONTRACT, TORT OR OTHERWISE, ARISING FROM,
  ~ OUT OF OR IN CONNECTION WITH THE SOFTWARE OR THE USE OR OTHER DEALINGS IN THE
  ~ SOFTWARE.
  ~
  ~ $HeadURL$
  ~ $Id$
  -->
<Assertion xmlns="urn:oasis:names:tc:SAML:2.0:assertion" ID="_5a49e560-5312-4237-8f32-2ed2b58cfcf7"
           IssueInstant="2012-09-27T08:51:13.978Z" Version="2.0">
    <Issuer>https://saml.test-nemlog-in.dk/</Issuer>
    <ds:Signature xmlns:ds="http://www.w3.org/2000/09/xmldsig#">
        <ds:SignedInfo>
            <ds:CanonicalizationMethod Algorithm="http://www.w3.org/2001/10/xml-exc-c14n#" />
            <ds:SignatureMethod Algorithm="http://www.w3.org/2000/09/xmldsig#rsa-sha1" />
            <ds:Reference URI="#_5a49e560-5312-4237-8f32-2ed2b58cfcf7">
                <ds:Transforms>
                    <ds:Transform
                            Algorithm="http://www.w3.org/2000/09/xmldsig#enveloped-signature" />
                    <ds:Transform Algorithm="http://www.w3.org/2001/10/xml-exc-c14n#" />
                </ds:Transforms>
                <ds:DigestMethod Algorithm="http://www.w3.org/2000/09/xmldsig#sha1" />
                <ds:DigestValue>Jwo1RWPNDiIwQ1RXAzyemx5EGTk=</ds:DigestValue>
            </ds:Reference>
        </ds:SignedInfo>
        <ds:SignatureValue>24VnjfsosMXYbxc6fCvXUUEHRfkXcM9mlv2YkNA/0F4RbrpDaXmiSQfHMEjotfQ88mbc1a1JR/kaxuTpE2NCFM6z3COC20pZxSK/hNUX/jWnSoLfgdzy15dz+luO3BpDQXaSfPQF7eznQP9lqAnIz2geMX7C96f29EmbtgJmXBpClO6Yzs6mgMcvpd5anS6Ckyx6OSYVPRccUCMcJnccarIbtMXja1O7BDpK4UEo88L+ePI6CRezk5Z79+oxGWJ4myM2XVQhwKb0VofvFIp1r4sKCVlocfTIXlImURVKODSciTY4u03G1xh/tTm6DRbzmsvckH6BGcPwS5c4BpUgLg==
        </ds:SignatureValue>
        <KeyInfo xmlns="http://www.w3.org/2000/09/xmldsig#">
            <ds:X509Data>
                <ds:X509Certificate>MIIFrTCCBRagAwIBAgIEQDgeoDANBgkqhkiG9w0BAQUFADA/MQswCQYDVQQGEwJESzEMMAoGA1UEChMDVERDMSIwIAYDVQQDExlUREMgT0NFUyBTeXN0ZW10ZXN0IENBIElJMB4XDTEyMDUwNzEzMDIzN1oXDTE0MDUwNzEzMzIzN1owgaIxCzAJBgNVBAYTAkRLMTEwLwYDVQQKEyhEaWdpdGFsaXNlcmluZ3NzdHlyZWxzZW4gLy8gQ1ZSOjM0MDUxMTc4MWAwJQYDVQQFEx5DVlI6MzQwNTExNzgtVUlEOjEzMzYwNTUxMTA0NTEwNwYDVQQDEzBEaWdpdGFsaXNlcmluZ3NzdHlyZWxzZW4gLSBEaWdzdCAtIE5lbUxvZy1pbiBUZXMwggEiMA0GCSqGSIb3DQEBAQUAA4IBDwAwggEKAoIBAQDnV90kgwkzKmuCtfAb2OORg6DufFoLekR1jDfRyf8qYIkAGEELYiNuatR8o29/gEWibNy/W9i0cMNH44e9t6cPf6GXqqQlFxbV6SWuX4LPMsq7kJiWw+kkV3Ac66jsKVEJduSxHRKfNiFq3Fg4AAFn7TsvQSAapHZXUwMpTNXfqq6BkO9RvJjkMlj3TpDGIgiRMWyQmH84RsL/SjgiLDbkesCToWr8GylQVCascIfihwxxDNM3QJmzt7oZuYX1+uZkQayq57vZxqGldvnhTuAjCNt7nN76Doy584D7kzPU2vrad0sNUrcvPzzHQBj2aKgwuhColBOtLOjcELtKn0C7AgMBAAGjggLMMIICyDAOBgNVHQ8BAf8EBAMCA7gwKwYDVR0QBCQwIoAPMjAxMjA1MDcxMzAyMzdagQ8yMDE0MDUwNzEzMzIzN1owRgYIKwYBBQUHAQEEOjA4MDYGCCsGAQUFBzABhipodHRwOi8vdGVzdC5vY3NwLmNlcnRpZmlrYXQuZGsvb2NzcC9zdGF0dXMwggEDBgNVHSAEgfswgfgwgfUGCSkBAQEBAQEBAzCB5zAvBggrBgEFBQcCARYjaHR0cDovL3d3dy5jZXJ0aWZpa2F0LmRrL3JlcG9zaXRvcnkwgbMGCCsGAQUFBwICMIGmMAoWA1REQzADAgEBGoGXVERDIFRlc3QgQ2VydGlmaWthdGVyIGZyYSBkZW5uZSBDQSB1ZHN0ZWRlcyB1bmRlciBPSUQgMS4xLjEuMS4xLjEuMS4xLjEuMy4gVERDIFRlc3QgQ2VydGlmaWNhdGVzIGZyb20gdGhpcyBDQSBhcmUgaXNzdWVkIHVuZGVyIE9JRCAxLjEuMS4xLjEuMS4xLjEuMS4zLjAcBglghkgBhvhCAQ0EDxYNb3JnYW5XZWJOb0RpcjAcBgNVHREEFTATgRFuZW1sb2dpbkBkaWdzdC5kazCBlwYDVR0fBIGPMIGMMFegVaBTpFEwTzELMAkGA1UEBhMCREsxDDAKBgNVBAoTA1REQzEiMCAGA1UEAxMZVERDIE9DRVMgU3lzdGVtdGVzdCBDQSBJSTEOMAwGA1UEAxMFQ1JMMzIwMaAvoC2GK2h0dHA6Ly90ZXN0LmNybC5vY2VzLmNlcnRpZmlrYXQuZGsvb2Nlcy5jcmwwHwYDVR0jBBgwFoAUHJgJRxpMOLkQxQQpW/H0ToBqzH4wHQYDVR0OBBYEFKhWlVALv2E2JYC8SQPu2jvRXVjqMAkGA1UdEwQCMAAwGQYJKoZIhvZ9B0EABAwwChsEVjcuMQMCA6gwDQYJKoZIhvcNAQEFBQADgYEAQlw2hwwrFX9rehfxsMDkiOJGLJcVmSpK9bA/qDUCr8EU4aBfBE+oIHaAQxmrG9Rsvyhf1rUE+Cir2GQsS5gcG9zIhwEwtCitQutM7dOJ1eIbApmHF8bHike8eouerTcroqM6EY8TbfEkDEtDuQxk+GqbCh5gpKg243ZLZiG3Aes=
                </ds:X509Certificate>
            </ds:X509Data>
        </KeyInfo>
    </ds:Signature>
    <Subject>
        <NameID Format="urn:oasis:names:tc:SAML:1.1:nameid-format:X509SubjectName">C=DK,O=TRIFORK SERVICES A/S // CVR:25520041,CN=Amaja Christiansen,Serial=CVR:25520041-RID:42041556</NameID>
        <SubjectConfirmation Method="urn:oasis:names:tc:SAML:2.0:cm:bearer">
            <SubjectConfirmationData InResponseTo="_0a644321-4795-491a-ad0c-37d5d4b03e6f"
                                     NotOnOrAfter="2012-09-27T08:56:13.978Z"
                                     Recipient="https://staging.fmk-online.dk/fmk/saml/SAMLAssertionConsumer" />
        </SubjectConfirmation>
    </Subject>
    <Conditions NotBefore="2012-09-27T08:51:13.884Z"
                NotOnOrAfter="2012-09-27T09:51:13.884Z">
        <AudienceRestriction>
            <Audience>https://saml.fmk.staging.fmk-online.dk</Audience>
        </AudienceRestriction>
    </Conditions>
    <AttributeStatement>
        <Attribute Name="urn:oid:2.5.29.29"
                   NameFormat="urn:oasis:names:tc:SAML:2.0:attrname-format:basic">
            <AttributeValue>CN=TDC OCES Systemtest CA II, O=TDC, C=DK</AttributeValue>
        </Attribute>
        <Attribute Name="urn:oid:2.5.4.4"
                   NameFormat="urn:oasis:names:tc:SAML:2.0:attrname-format:basic">
            <AttributeValue />
        </Attribute>
        <Attribute Name="urn:oid:2.5.4.3"
                   NameFormat="urn:oasis:names:tc:SAML:2.0:attrname-format:basic">
            <AttributeValue>Amaja Christiansen</AttributeValue>
        </Attribute>
        <Attribute Name="urn:oid:0.9.2342.19200300.100.1.1"
                   NameFormat="urn:oasis:names:tc:SAML:2.0:attrname-format:basic">
            <AttributeValue>CVR:25520041-RID:42041556</AttributeValue>
        </Attribute>
        <Attribute Name="urn:oid:0.9.2342.19200300.100.1.3"
                   NameFormat="urn:oasis:names:tc:SAML:2.0:attrname-format:basic">
            <AttributeValue>jso@trifork.com</AttributeValue>
        </Attribute>
        <Attribute Name="dk:gov:saml:attribute:AssuranceLevel"
                   NameFormat="urn:oasis:names:tc:SAML:2.0:attrname-format:basic">
            <AttributeValue>3</AttributeValue>
        </Attribute>
        <Attribute Name="dk:gov:saml:attribute:SpecVer"
                   NameFormat="urn:oasis:names:tc:SAML:2.0:attrname-format:basic">
            <AttributeValue>DK-SAML-2.0</AttributeValue>
        </Attribute>
        <Attribute Name="urn:oid:2.5.4.5"
                   NameFormat="urn:oasis:names:tc:SAML:2.0:attrname-format:basic">
            <AttributeValue>4037E016</AttributeValue>
        </Attribute>
        <Attribute Name="dk:gov:saml:attribute:CvrNumberIdentifier"
                   NameFormat="urn:oasis:names:tc:SAML:2.0:attrname-format:basic">
            <AttributeValue>25520041</AttributeValue>
        </Attribute>
        <Attribute Name="urn:oid:2.5.4.10"
                   NameFormat="urn:oasis:names:tc:SAML:2.0:attrname-format:basic">
            <AttributeValue>TRIFORK SERVICES A/S // CVR:25520041</AttributeValue>
        </Attribute>
        <Attribute Name="urn:oid:1.3.6.1.4.1.1466.115.121.1.8"
                   NameFormat="urn:oasis:names:tc:SAML:2.0:attrname-format:basic">
            <AttributeValue>MIIE/TCCBGagAwIBAgIEQDfgFjANBgkqhkiG9w0BAQUFADA/MQswCQYDVQQGEwJESzEMMAoGA1UEChMDVERDMSIwIAYDVQQDExlUREMgT0NFUyBTeXN0ZW10ZXN0IENBIElJMB4XDTExMDYxNjE3MjQyMloXDTEzMDYxNjE3NTQyMlowezELMAkGA1UEBhMCREsxLTArBgNVBAoTJFRSSUZPUksgU0VSVklDRVMgQS9TIC8vIENWUjoyNTUyMDA0MTE9MBkGA1UEAxMSQW1hamEgQ2hyaXN0aWFuc2VuMCAGA1UEBRMZQ1ZSOjI1NTIwMDQxLVJJRDo0MjA0MTU1NjCBnzANBgkqhkiG9w0BAQEFAAOBjQAwgYkCgYEA2ZK0hLyoUokWpqx2/M8L7Je4J0j1w7ujwUM0oCgmF45UdkRvVUylcK9p8DgYgtix16nEJrZ4VTede1YYpr9+4oc4w50EQMzTle7d5Zy+RFVbZ3SWw+uzlo4r02FeNJ9bwtG2AxXaa5dLsBgK8csgKOhR8ZGv8kCLTsw4dAFT0YsCAwEAAaOCAsgwggLEMA4GA1UdDwEB/wQEAwID+DArBgNVHRAEJDAigA8yMDExMDYxNjE3MjQyMlqBDzIwMTMwNjE2MTc1NDIyWjBGBggrBgEFBQcBAQQ6MDgwNgYIKwYBBQUHMAGGKmh0dHA6Ly90ZXN0Lm9jc3AuY2VydGlmaWthdC5kay9vY3NwL3N0YXR1czCCAQMGA1UdIASB+zCB+DCB9QYJKQEBAQEBAQECMIHnMC8GCCsGAQUFBwIBFiNodHRwOi8vd3d3LmNlcnRpZmlrYXQuZGsvcmVwb3NpdG9yeTCBswYIKwYBBQUHAgIwgaYwChYDVERDMAMCAQEagZdUREMgVGVzdCBDZXJ0aWZpa2F0ZXIgZnJhIGRlbm5lIENBIHVkc3RlZGVzIHVuZGVyIE9JRCAxLjEuMS4xLjEuMS4xLjEuMS4yLiBUREMgVGVzdCBDZXJ0aWZpY2F0ZXMgZnJvbSB0aGlzIENBIGFyZSBpc3N1ZWQgdW5kZXIgT0lEIDEuMS4xLjEuMS4xLjEuMS4xLjIuMBoGCWCGSAGG+EIBDQQNFgtlbXBsb3llZVdlYjAaBgNVHREEEzARgQ9qc29AdHJpZm9yay5jb20wgZcGA1UdHwSBjzCBjDBXoFWgU6RRME8xCzAJBgNVBAYTAkRLMQwwCgYDVQQKEwNUREMxIjAgBgNVBAMTGVREQyBPQ0VTIFN5c3RlbXRlc3QgQ0EgSUkxDjAMBgNVBAMTBUNSTDI3MDGgL6AthitodHRwOi8vdGVzdC5jcmwub2Nlcy5jZXJ0aWZpa2F0LmRrL29jZXMuY3JsMB8GA1UdIwQYMBaAFByYCUcaTDi5EMUEKVvx9E6Aasx+MB0GA1UdDgQWBBTIG3C2MH/31V/Nx3k6wmBLGd/KNzAJBgNVHRMEAjAAMBkGCSqGSIb2fQdBAAQMMAobBFY3LjEDAgOoMA0GCSqGSIb3DQEBBQUAA4GBAFXBaaNj/LPEFawzYoG5VQj41k7IKFMXtlM7ddzAd9+zg5PKaiD9vuIg50Av0sC3DE0V2lwWVG27wyRky+HwZ6BeuhLctkhhmrqpYJN5lPRu8+SRlw3kbik2Tim0QEBD+q6Yhijtvdw9zAE4r/ZY1WMY3Kd98Pg1hPXIgGtxqpZd</AttributeValue>
        </Attribute>
        <Attribute Name="dk:gov:saml:attribute:CprNumberIdentifier"
                   NameFormat="urn:oasis:names:tc:SAML:2.0:attrname-format:basic">
            <AttributeValue>2408631478</AttributeValue>
        </Attribute>
        <Attribute Name="dk:gov:saml:attribute:RidNumberIdentifier"
                   NameFormat="urn:oasis:names:tc:SAML:2.0:attrname-format:basic">
            <AttributeValue>42041556</AttributeValue>
        </Attribute>
    </AttributeStatement>
    <AuthnStatement AuthnInstant="2012-09-27T08:50:38.681Z"
                    SessionIndex="_5a49e560-5312-4237-8f32-2ed2b58cfcf7">
        <AuthnContext>
            <AuthnContextClassRef>element:urn:oasis:names:tc:SAML:2.0:ac:classes:X509</AuthnContextClassRef>
        </AuthnContext>
    </AuthnStatement>
</Assertion>